[2026-03-12T05:24:20.183Z] [error] [Error connecting to MongoDB:] {"error":{"message":"connect ECONNREFUSED ::1:27017, connect ECONNREFUSED 127.0.0.1:27017","errorLabelSet":{},"reason":{"type":"Unknown","servers":{"localhost:27017":{"address":"localhost:27017","type":"Unknown","hosts":[],"passives":[],"arbiters":[],"tags":{},"minWireVersion":0,"maxWireVersion":0,"roundTripTime":-1,"minRoundTripTime":0,"lastUpdateTime":29845,"lastWriteDate":0,"error":{"errorLabelSet":{},"beforeHandshake":false},"topologyVersion":null,"setName":null,"setVersion":null,"electionId":null,"logicalSessionTimeoutMinutes":null,"maxMessageSizeBytes":null,"maxWriteBatchSize":null,"maxBsonObjectSize":null,"primary":null,"me":null,"$clusterTime":null,"iscryptd":false}},"stale":false,"compatible":true,"heartbeatFrequencyMS":10000,"localThresholdMS":15,"setName":null,"maxElectionId":null,"maxSetVersion":null,"commonWireVersion":0,"logicalSessionTimeoutMinutes":null},"cause":{"type":"Unknown","servers":{"localhost:27017":{"address":"localhost:27017","type":"Unknown","hosts":[],"passives":[],"arbiters":[],"tags":{},"minWireVersion":0,"maxWireVersion":0,"roundTripTime":-1,"minRoundTripTime":0,"lastUpdateTime":29845,"lastWriteDate":0,"error":{"errorLabelSet":{},"beforeHandshake":false},"topologyVersion":null,"setName":null,"setVersion":null,"electionId":null,"logicalSessionTimeoutMinutes":null,"maxMessageSizeBytes":null,"maxWriteBatchSize":null,"maxBsonObjectSize":null,"primary":null,"me":null,"$clusterTime":null,"iscryptd":false}},"stale":false,"compatible":true,"heartbeatFrequencyMS":10000,"localThresholdMS":15,"setName":null,"maxElectionId":null,"maxSetVersion":null,"commonWireVersion":0,"logicalSessionTimeoutMinutes":null}}}
[2026-03-12T05:24:49.995Z] [info] [DB connected successfully]
[2026-03-12T05:24:49.999Z] [info] [Server is listening on port 3000]
[2026-03-12T05:25:06.777Z] [info] [DB connected successfully]
[2026-03-12T05:25:06.779Z] [info] [Server is listening on port 3000]
[2026-03-12T05:28:50.262Z] [info] [DB connected successfully]
[2026-03-12T05:28:50.265Z] [info] [Server is listening on port 3000]
[2026-03-12T05:48:05.911Z] [info] [DB connected successfully]
[2026-03-12T05:48:05.913Z] [info] [Server is listening on port 3000]
[2026-03-12T05:49:13.699Z] [info] [DB connected successfully]
[2026-03-12T05:49:13.702Z] [info] [Server is listening on port 3000]
[2026-03-12T05:52:48.621Z] [info] [DB connected successfully]
[2026-03-12T05:52:48.623Z] [info] [Server is listening on port 3000]
[2026-03-12T05:56:17.671Z] [info] [DB connected successfully]
[2026-03-12T05:56:17.673Z] [info] [Server is listening on port 3000]
[2026-03-12T05:58:47.812Z] [info] [DB connected successfully]
[2026-03-12T05:58:47.815Z] [info] [Server is listening on port 3000]
[2026-03-12T06:09:10.432Z] [info] [DB connected successfully]
[2026-03-12T06:09:10.434Z] [info] [Server is listening on port 3000]
[2026-03-12T06:13:41.825Z] [info] [DB connected successfully]
[2026-03-12T06:13:41.828Z] [info] [Server is listening on port 3000]
[2026-03-12T06:20:13.502Z] [info] [[0mPOST /v1/movies [32m201[0m 27.383 ms - 189[0m]
[2026-03-12T06:21:04.306Z] [info] [DB connected successfully]
[2026-03-12T06:21:04.308Z] [info] [Server is listening on port 3000]
[2026-03-12T06:21:11.777Z] [info] [[0mGET /v1/movies [32m200[0m 24.197 ms - 191[0m]
